0.1576853182845049
0.8604890736640733
0.7517833356360366
0.4601762490257039
0.5709185408164307
0.8263759069503618
0.7801291596146748
0.7628944517760841
1.0979957005348513
0.977860834808893
0.8589311180965795
1.3015748522923196
1.3354960664177984
1.0812597899189038
0.5184640105273348
1.1991079438187107
0.8098870666098102
1.0543157425257004
1.035245133040889
1.2054528508323328
1.3014775138546133
1.0542208992440758
1.1830264990736372
0.9019645590993861
0.9456315981425546
0.9637837456219079
0.9432758277035618
0.9135033074330255
0.871898290509318
0.6947655730869884
1.0694602478364208
0.9988298894835027
1.0461885097831878
1.0611522146066819
0.9734003178865201
0.9540908059136336
0.949964761820135
1.2432503968924193
1.0782413349838151
1.1695963195745058
0.8644805444314434
0.943332210523223
0.7639780369440528
1.1419644601449426
1.123668137566913
1.0674381676113378
1.177601541019746
1.0578003341510056
1.0234300682821975
1.2668914174611603
0.9291852088754151
1.1182585598181323
0.9141004201940991
1.01100958408055
1.026772106373118
1.1057053305471447
0.961360163049831
1.0890221869250414
0.807169908118996
0.9580924310033281
1.0860249121190075
0.9702202369654109
1.0102854534742678
0.8000202105310771
1.101335102766806
0.8935557788134195
1.0511336316319957
1.1957325023811627
1.0659974257937526
1.1137524267505128
1.0011479284901936
1.09398751358019
0.9154821009909657
0.9002678846460708
0.8964447464423212
0.902775288139193
1.030666167506025
0.8758554503462126
0.9862042040738728
1.036834981581416
1.082829999469821
1.1001584030739904
1.158057762961231
0.8095833867128697
0.9989633498322313
0.8005127222604498
0.9340882336478072
0.8642408589519659
0.9049644937196638
1.1463037960562759
1.2975382743850696
1.0676263312247811
0.9097119519829758
0.9954721663848227
1.038194555247324
0.9669498622855436
1.0877612031481245
0.9176722254076489
0.8382203531073683
0.9485442947339685
1.101521654597635
1.078524902666353
0.9526651449320733
0.9854803205976701
0.8839656087037275
0.9926810986989474
0.8118732858505745
0.8454210844875246
0.8907339881058085
1.0241270148149255
1.139086876356956
1.2428987113347667
1.049138467555095
1.026017119534939
0.9180837695269469
1.1616954071020145
1.0320796936125074
0.8101340548219087
1.0903786355029264
0.9251126157926319
1.212400413202779
0.8184307518367991
0.838293301637501
1.015189677214548
1.1013529703222609
0.8129068690843827
0.9614184421000825
0.9456634678529875
0.9407696994524541
0.9526853033842619
0.9898087830151463
1.0604416846829468
0.9837983178766391
1.1217530844740167
1.1935619121317915
0.9864959338925843
1.0700701344204326
1.1078597498551
0.9501049350769366
0.9512595448697567
0.8498594245808284
0.8096686710329871
0.9631607776957798
0.9353571874649573
0.8777812052096706
0.9007177687429565
0.9223910850551782
1.0499453744136535
0.8863434167027961
1.2423216910176604
0.9788859625571337
1.0758645026103117
1.2455214495666556
1.0674710887367502
1.0445412139929928
0.9351867629410614
1.0433288616755558
1.1185408880390857
1.052909960531072
0.9618920445725361
1.0083558378418982
0.9687362921991449
0.8180414923784478
0.8506141599264828
0.9136410961439035
0.9486587428117813
1.1568999241930744
0.8565003688868396
0.9396144216418073
1.0113954240457939
1.107130725073112
1.108694871317654
0.7974640878594134
1.257761226475737
0.9052057536665248
0.8928369547598922
0.8744559783035506
1.0751756833816744
1.1193182826764685
1.3276996361039108
0.9357283552432075
0.8910217953296968
0.8943129466364226
1.0934690204737525
1.3153549846483723
0.99835778874103
1.0156109138144294
0.9139623994588676
1.068718903128922
0.9763825973154542
0.8412420498461582
0.9290390896214685
1.1778311711260236
1.1917801224907536
1.3057783573488495
1.1530504784476638
0.9603133442460688
0.9578435119064612
1.0432497048425469
0.9814281185048175
1.1729530828483563
0.9372132951837513
0.8962086882882315
0.881462595749786
1.0611644727500866
1.0248694805770886
0.9596632702082497
0.8336125487420183
1.1866709638073
0.8841574752511194
1.092345631982774
1.278106522557517
1.135785353133962
0.8944942875912499
1.0943027173695998
1.141574434853784
0.7867266674359693
1.1339460772855778
1.1224293742075082
0.845428150396728
0.7504541210257769
1.0503004158355762
1.2814899908099509
1.2975356362882728
1.3838537175262347
0.9692054591260602
1.2665716729875598
0.9531791970592131
0.9063909563128353
0.8071440924994097
0.942299106771309
1.1003617593609605
1.054872742900392
0.9309987576688624
1.0095384004634975
1.1725074324807254
1.438545858695901
0.5881988511058375
1.0883742577091022
0.9245150022812353
0.9526040576624032
0.8062298225654609
0.9881177507771978
0.7958927304787555
0.746821255085613
0.7365189461667268
0.9699476937350611
0.3957833334804369
1.4040709030880687
1.1567905434912031
0.9061950444166632
0.6828597388034169
0.5290038346223291
0.7119524680682932
0.5517787108408717
0307332
2901260722
